Success (6):
content 185477 _a-0000ec3a-7785-8000-9c08-011c48011c48_2822846 "AKRS class room"
content 185478 _a-0000ec3a-7785-8000-9c08-011c48011c48_2822852 "AKRS_CLASS_ROOM"
content 185471 _a-0000ec3a-7785-8000-9c08-011c48011c48_2822787 "AKRS course registration"
content 185484 _a-0000ec3a-7785-8000-9c08-011c48011c48_2822911 "AKRS course_registration"
content 185485 _a-0000ec3a-7785-8000-9c08-011c48011c48_2822793 "AKRS_COURSE_REGISTRATION"
content 185517 _a-0000ebca-74f9-8000-9c06-011c48011c48_2753457 "AKRS_ui_siteForm"

Referenced precedents that were not exported (3):
content 177521 56aca1d5-23d5-4de3-92f9-1cbd09d9461d
content 177518 c41b3fc1-9b20-48ac-aec1-8ecfc1df812e
content 180209 _a-0000ebca-74f9-8000-9c06-011c48011c48_2753463

Trace:
2024-07-08 08:30:57.096 DEBUG content 185478 _a-0000ec3a-7785-8000-9c08-011c48011c48_2822852 Begin transport.
2024-07-08 08:30:57.096 DEBUG content 185478 _a-0000ec3a-7785-8000-9c08-011c48011c48_2822852 Retrieving object data.
2024-07-08 08:30:57.108 DEBUG content 185478 _a-0000ec3a-7785-8000-9c08-011c48011c48_2822852 Setting uuids of object references.
2024-07-08 08:30:57.108 DEBUG content 185478 _a-0000ec3a-7785-8000-9c08-011c48011c48_2822852 Processing reference: [Content:id=185478,versionId=-1,name=AKRS_CLASS_ROOM,type=32,subtype=0,uuid=_a-0000ec3a-7785-8000-9c08-011c48011c48_2822852,parent=177518]
2024-07-08 08:30:57.111 DEBUG content 185477 _a-0000ec3a-7785-8000-9c08-011c48011c48_2822846 Begin transport.
2024-07-08 08:30:57.111 DEBUG content 185477 _a-0000ec3a-7785-8000-9c08-011c48011c48_2822846 Retrieving object data.
2024-07-08 08:30:57.121 DEBUG content 185477 _a-0000ec3a-7785-8000-9c08-011c48011c48_2822846 Setting uuids of object references.
2024-07-08 08:30:57.121 DEBUG content 185477 _a-0000ec3a-7785-8000-9c08-011c48011c48_2822846 Processing reference: Document.forum
2024-07-08 08:30:57.122 DEBUG content 185477 _a-0000ec3a-7785-8000-9c08-011c48011c48_2822846 Processing reference: Document.parent
2024-07-08 08:30:57.13 DEBUG content 185477 _a-0000ec3a-7785-8000-9c08-011c48011c48_2822846 Processing reference: com.appiancorp.suiteapi.content.ContentRoleMap@febd00b[
  ContentRole[name=readers,inherit=true,allowForAll=false]
  ContentRole[name=authors,inherit=true,allowForAll=false]
  ContentRole[name=administrators,inherit=true,allowForAll=false]
  ContentRole[name=denyReaders,inherit=false,allowForAll=false]
  ContentRole[name=denyAuthors,inherit=false,allowForAll=false]
  ContentRole[name=denyAdministrators,inherit=false,allowForAll=false]
  securityVector=15:SEC_PUBLIC=true,SEC_CREATOR_ADMIN=false,SEC_INH_ADMIN=true,SEC_INH_EDITOR=true,SEC_INH_VIEWER=true,SEC_ALL_ADMIN=false,SEC_ALL_EDITOR=false,SEC_ALL_VIEWER=false
]
2024-07-08 08:30:57.13 DEBUG content 185477 _a-0000ec3a-7785-8000-9c08-011c48011c48_2822846 Processing reference: ContentRole[name=readers,inherit=true,allowForAll=false]
2024-07-08 08:30:57.131 DEBUG content 185477 _a-0000ec3a-7785-8000-9c08-011c48011c48_2822846 Processing reference: ContentRole[name=authors,inherit=true,allowForAll=false]
2024-07-08 08:30:57.131 DEBUG content 185477 _a-0000ec3a-7785-8000-9c08-011c48011c48_2822846 Processing reference: ContentRole[name=administrators,inherit=true,allowForAll=false]
2024-07-08 08:30:57.131 DEBUG content 185477 _a-0000ec3a-7785-8000-9c08-011c48011c48_2822846 Processing reference: ContentRole[name=denyReaders,inherit=false,allowForAll=false]
2024-07-08 08:30:57.131 DEBUG content 185477 _a-0000ec3a-7785-8000-9c08-011c48011c48_2822846 Processing reference: ContentRole[name=denyAuthors,inherit=false,allowForAll=false]
2024-07-08 08:30:57.131 DEBUG content 185477 _a-0000ec3a-7785-8000-9c08-011c48011c48_2822846 Processing reference: ContentRole[name=denyAdministrators,inherit=false,allowForAll=false]
2024-07-08 08:30:57.131 DEBUG content 185477 _a-0000ec3a-7785-8000-9c08-011c48011c48_2822846 Exporting binary resources.
2024-07-08 08:30:57.286 DEBUG content 185477 _a-0000ec3a-7785-8000-9c08-011c48011c48_2822846 Serializing object to XML.
2024-07-08 08:30:57.287 DEBUG content 185477 _a-0000ec3a-7785-8000-9c08-011c48011c48_2822846 Object transported.
2024-07-08 08:30:57.287 DEBUG content 185478 _a-0000ec3a-7785-8000-9c08-011c48011c48_2822852 Processing reference: Constant.forum
2024-07-08 08:30:57.288 DEBUG content 185478 _a-0000ec3a-7785-8000-9c08-011c48011c48_2822852 Processing reference: Constant.parent
2024-07-08 08:30:57.299 DEBUG content 185478 _a-0000ec3a-7785-8000-9c08-011c48011c48_2822852 Processing reference: com.appiancorp.suiteapi.content.ContentRoleMap@67f6278d[
  ContentRole[name=readers,inherit=true,allowForAll=false]
  ContentRole[name=authors,inherit=true,allowForAll=false]
  ContentRole[name=administrators,inherit=true,allowForAll=false]
  ContentRole[name=denyReaders,inherit=false,allowForAll=false]
  ContentRole[name=denyAuthors,inherit=false,allowForAll=false]
  ContentRole[name=denyAdministrators,inherit=false,allowForAll=false]
  securityVector=15:SEC_PUBLIC=true,SEC_CREATOR_ADMIN=false,SEC_INH_ADMIN=true,SEC_INH_EDITOR=true,SEC_INH_VIEWER=true,SEC_ALL_ADMIN=false,SEC_ALL_EDITOR=false,SEC_ALL_VIEWER=false
]
2024-07-08 08:30:57.299 DEBUG content 185478 _a-0000ec3a-7785-8000-9c08-011c48011c48_2822852 Processing reference: ContentRole[name=readers,inherit=true,allowForAll=false]
2024-07-08 08:30:57.299 DEBUG content 185478 _a-0000ec3a-7785-8000-9c08-011c48011c48_2822852 Processing reference: ContentRole[name=authors,inherit=true,allowForAll=false]
2024-07-08 08:30:57.299 DEBUG content 185478 _a-0000ec3a-7785-8000-9c08-011c48011c48_2822852 Processing reference: ContentRole[name=administrators,inherit=true,allowForAll=false]
2024-07-08 08:30:57.299 DEBUG content 185478 _a-0000ec3a-7785-8000-9c08-011c48011c48_2822852 Processing reference: ContentRole[name=denyReaders,inherit=false,allowForAll=false]
2024-07-08 08:30:57.299 DEBUG content 185478 _a-0000ec3a-7785-8000-9c08-011c48011c48_2822852 Processing reference: ContentRole[name=denyAuthors,inherit=false,allowForAll=false]
2024-07-08 08:30:57.299 DEBUG content 185478 _a-0000ec3a-7785-8000-9c08-011c48011c48_2822852 Processing reference: ContentRole[name=denyAdministrators,inherit=false,allowForAll=false]
2024-07-08 08:30:57.299 DEBUG content 185478 _a-0000ec3a-7785-8000-9c08-011c48011c48_2822852 Exporting binary resources.
2024-07-08 08:30:57.299 DEBUG content 185478 _a-0000ec3a-7785-8000-9c08-011c48011c48_2822852 Serializing object to XML.
2024-07-08 08:30:57.302 DEBUG content 185478 _a-0000ec3a-7785-8000-9c08-011c48011c48_2822852 Object transported.
2024-07-08 08:30:57.302 DEBUG content 185471 _a-0000ec3a-7785-8000-9c08-011c48011c48_2822787 Begin transport.
2024-07-08 08:30:57.302 DEBUG content 185471 _a-0000ec3a-7785-8000-9c08-011c48011c48_2822787 Retrieving object data.
2024-07-08 08:30:57.324 DEBUG content 185471 _a-0000ec3a-7785-8000-9c08-011c48011c48_2822787 Setting uuids of object references.
2024-07-08 08:30:57.324 DEBUG content 185471 _a-0000ec3a-7785-8000-9c08-011c48011c48_2822787 Processing reference: Document.forum
2024-07-08 08:30:57.325 DEBUG content 185471 _a-0000ec3a-7785-8000-9c08-011c48011c48_2822787 Processing reference: Document.parent
2024-07-08 08:30:57.329 DEBUG content 185471 _a-0000ec3a-7785-8000-9c08-011c48011c48_2822787 Processing reference: com.appiancorp.suiteapi.content.ContentRoleMap@f6bcf38[
  ContentRole[name=readers,inherit=true,allowForAll=false]
  ContentRole[name=authors,inherit=true,allowForAll=false]
  ContentRole[name=administrators,inherit=true,allowForAll=false]
  ContentRole[name=denyReaders,inherit=false,allowForAll=false]
  ContentRole[name=denyAuthors,inherit=false,allowForAll=false]
  ContentRole[name=denyAdministrators,inherit=false,allowForAll=false]
  securityVector=15:SEC_PUBLIC=true,SEC_CREATOR_ADMIN=false,SEC_INH_ADMIN=true,SEC_INH_EDITOR=true,SEC_INH_VIEWER=true,SEC_ALL_ADMIN=false,SEC_ALL_EDITOR=false,SEC_ALL_VIEWER=false
]
2024-07-08 08:30:57.329 DEBUG content 185471 _a-0000ec3a-7785-8000-9c08-011c48011c48_2822787 Processing reference: ContentRole[name=readers,inherit=true,allowForAll=false]
2024-07-08 08:30:57.329 DEBUG content 185471 _a-0000ec3a-7785-8000-9c08-011c48011c48_2822787 Processing reference: ContentRole[name=authors,inherit=true,allowForAll=false]
2024-07-08 08:30:57.329 DEBUG content 185471 _a-0000ec3a-7785-8000-9c08-011c48011c48_2822787 Processing reference: ContentRole[name=administrators,inherit=true,allowForAll=false]
2024-07-08 08:30:57.329 DEBUG content 185471 _a-0000ec3a-7785-8000-9c08-011c48011c48_2822787 Processing reference: ContentRole[name=denyReaders,inherit=false,allowForAll=false]
2024-07-08 08:30:57.329 DEBUG content 185471 _a-0000ec3a-7785-8000-9c08-011c48011c48_2822787 Processing reference: ContentRole[name=denyAuthors,inherit=false,allowForAll=false]
2024-07-08 08:30:57.329 DEBUG content 185471 _a-0000ec3a-7785-8000-9c08-011c48011c48_2822787 Processing reference: ContentRole[name=denyAdministrators,inherit=false,allowForAll=false]
2024-07-08 08:30:57.329 DEBUG content 185471 _a-0000ec3a-7785-8000-9c08-011c48011c48_2822787 Exporting binary resources.
2024-07-08 08:30:57.332 DEBUG content 185471 _a-0000ec3a-7785-8000-9c08-011c48011c48_2822787 Serializing object to XML.
2024-07-08 08:30:57.332 DEBUG content 185471 _a-0000ec3a-7785-8000-9c08-011c48011c48_2822787 Object transported.
2024-07-08 08:30:57.332 DEBUG content 185484 _a-0000ec3a-7785-8000-9c08-011c48011c48_2822911 Begin transport.
2024-07-08 08:30:57.332 DEBUG content 185484 _a-0000ec3a-7785-8000-9c08-011c48011c48_2822911 Retrieving object data.
2024-07-08 08:30:57.347 DEBUG content 185484 _a-0000ec3a-7785-8000-9c08-011c48011c48_2822911 Setting uuids of object references.
2024-07-08 08:30:57.347 DEBUG content 185484 _a-0000ec3a-7785-8000-9c08-011c48011c48_2822911 Processing reference: Document.forum
2024-07-08 08:30:57.347 DEBUG content 185484 _a-0000ec3a-7785-8000-9c08-011c48011c48_2822911 Processing reference: Document.parent
2024-07-08 08:30:57.35 DEBUG content 185484 _a-0000ec3a-7785-8000-9c08-011c48011c48_2822911 Processing reference: com.appiancorp.suiteapi.content.ContentRoleMap@3c9d12c6[
  ContentRole[name=readers,inherit=true,allowForAll=false]
  ContentRole[name=authors,inherit=true,allowForAll=false]
  ContentRole[name=administrators,inherit=true,allowForAll=false]
  ContentRole[name=denyReaders,inherit=false,allowForAll=false]
  ContentRole[name=denyAuthors,inherit=false,allowForAll=false]
  ContentRole[name=denyAdministrators,inherit=false,allowForAll=false]
  securityVector=15:SEC_PUBLIC=true,SEC_CREATOR_ADMIN=false,SEC_INH_ADMIN=true,SEC_INH_EDITOR=true,SEC_INH_VIEWER=true,SEC_ALL_ADMIN=false,SEC_ALL_EDITOR=false,SEC_ALL_VIEWER=false
]
2024-07-08 08:30:57.35 DEBUG content 185484 _a-0000ec3a-7785-8000-9c08-011c48011c48_2822911 Processing reference: ContentRole[name=readers,inherit=true,allowForAll=false]
2024-07-08 08:30:57.35 DEBUG content 185484 _a-0000ec3a-7785-8000-9c08-011c48011c48_2822911 Processing reference: ContentRole[name=authors,inherit=true,allowForAll=false]
2024-07-08 08:30:57.35 DEBUG content 185484 _a-0000ec3a-7785-8000-9c08-011c48011c48_2822911 Processing reference: ContentRole[name=administrators,inherit=true,allowForAll=false]
2024-07-08 08:30:57.35 DEBUG content 185484 _a-0000ec3a-7785-8000-9c08-011c48011c48_2822911 Processing reference: ContentRole[name=denyReaders,inherit=false,allowForAll=false]
2024-07-08 08:30:57.35 DEBUG content 185484 _a-0000ec3a-7785-8000-9c08-011c48011c48_2822911 Processing reference: ContentRole[name=denyAuthors,inherit=false,allowForAll=false]
2024-07-08 08:30:57.35 DEBUG content 185484 _a-0000ec3a-7785-8000-9c08-011c48011c48_2822911 Processing reference: ContentRole[name=denyAdministrators,inherit=false,allowForAll=false]
2024-07-08 08:30:57.351 DEBUG content 185484 _a-0000ec3a-7785-8000-9c08-011c48011c48_2822911 Exporting binary resources.
2024-07-08 08:30:57.355 DEBUG content 185484 _a-0000ec3a-7785-8000-9c08-011c48011c48_2822911 Serializing object to XML.
2024-07-08 08:30:57.356 DEBUG content 185484 _a-0000ec3a-7785-8000-9c08-011c48011c48_2822911 Object transported.
2024-07-08 08:30:57.356 DEBUG content 185485 _a-0000ec3a-7785-8000-9c08-011c48011c48_2822793 Begin transport.
2024-07-08 08:30:57.356 DEBUG content 185485 _a-0000ec3a-7785-8000-9c08-011c48011c48_2822793 Retrieving object data.
2024-07-08 08:30:57.365 DEBUG content 185485 _a-0000ec3a-7785-8000-9c08-011c48011c48_2822793 Setting uuids of object references.
2024-07-08 08:30:57.365 DEBUG content 185485 _a-0000ec3a-7785-8000-9c08-011c48011c48_2822793 Processing reference: [Content:id=185472,versionId=-1,name=AKRS_COURSE_REGISTRATION,type=32,subtype=0,uuid=_a-0000ec3a-7785-8000-9c08-011c48011c48_2822793,parent=177518]
2024-07-08 08:30:57.37 DEBUG content 185485 _a-0000ec3a-7785-8000-9c08-011c48011c48_2822793 Processing reference: Constant.forum
2024-07-08 08:30:57.37 DEBUG content 185485 _a-0000ec3a-7785-8000-9c08-011c48011c48_2822793 Processing reference: Constant.parent
2024-07-08 08:30:57.374 DEBUG content 185485 _a-0000ec3a-7785-8000-9c08-011c48011c48_2822793 Processing reference: com.appiancorp.suiteapi.content.ContentRoleMap@29c2e845[
  ContentRole[name=readers,inherit=true,allowForAll=false]
  ContentRole[name=authors,inherit=true,allowForAll=false]
  ContentRole[name=administrators,inherit=true,allowForAll=false]
  ContentRole[name=denyReaders,inherit=false,allowForAll=false]
  ContentRole[name=denyAuthors,inherit=false,allowForAll=false]
  ContentRole[name=denyAdministrators,inherit=false,allowForAll=false]
  securityVector=15:SEC_PUBLIC=true,SEC_CREATOR_ADMIN=false,SEC_INH_ADMIN=true,SEC_INH_EDITOR=true,SEC_INH_VIEWER=true,SEC_ALL_ADMIN=false,SEC_ALL_EDITOR=false,SEC_ALL_VIEWER=false
]
2024-07-08 08:30:57.374 DEBUG content 185485 _a-0000ec3a-7785-8000-9c08-011c48011c48_2822793 Processing reference: ContentRole[name=readers,inherit=true,allowForAll=false]
2024-07-08 08:30:57.374 DEBUG content 185485 _a-0000ec3a-7785-8000-9c08-011c48011c48_2822793 Processing reference: ContentRole[name=authors,inherit=true,allowForAll=false]
2024-07-08 08:30:57.374 DEBUG content 185485 _a-0000ec3a-7785-8000-9c08-011c48011c48_2822793 Processing reference: ContentRole[name=administrators,inherit=true,allowForAll=false]
2024-07-08 08:30:57.374 DEBUG content 185485 _a-0000ec3a-7785-8000-9c08-011c48011c48_2822793 Processing reference: ContentRole[name=denyReaders,inherit=false,allowForAll=false]
2024-07-08 08:30:57.374 DEBUG content 185485 _a-0000ec3a-7785-8000-9c08-011c48011c48_2822793 Processing reference: ContentRole[name=denyAuthors,inherit=false,allowForAll=false]
2024-07-08 08:30:57.374 DEBUG content 185485 _a-0000ec3a-7785-8000-9c08-011c48011c48_2822793 Processing reference: ContentRole[name=denyAdministrators,inherit=false,allowForAll=false]
2024-07-08 08:30:57.374 DEBUG content 185485 _a-0000ec3a-7785-8000-9c08-011c48011c48_2822793 Exporting binary resources.
2024-07-08 08:30:57.374 DEBUG content 185485 _a-0000ec3a-7785-8000-9c08-011c48011c48_2822793 Serializing object to XML.
2024-07-08 08:30:57.376 DEBUG content 185485 _a-0000ec3a-7785-8000-9c08-011c48011c48_2822793 Object transported.
2024-07-08 08:30:57.376 DEBUG content 185517 _a-0000ebca-74f9-8000-9c06-011c48011c48_2753457 Begin transport.
2024-07-08 08:30:57.376 DEBUG content 185517 _a-0000ebca-74f9-8000-9c06-011c48011c48_2753457 Retrieving object data.
2024-07-08 08:30:57.388 DEBUG content 185517 _a-0000ebca-74f9-8000-9c06-011c48011c48_2753457 Setting uuids of object references.
2024-07-08 08:30:57.388 DEBUG content 185517 _a-0000ebca-74f9-8000-9c06-011c48011c48_2753457 Processing reference: [Content:id=180208,versionId=-1,name=AKRS_ui_siteForm,type=32,subtype=6,uuid=_a-0000ebca-74f9-8000-9c06-011c48011c48_2753457,parent=177518]
2024-07-08 08:30:57.402 DEBUG content 185517 _a-0000ebca-74f9-8000-9c06-011c48011c48_2753457 Processing reference: Interface.forum
2024-07-08 08:30:57.402 DEBUG content 185517 _a-0000ebca-74f9-8000-9c06-011c48011c48_2753457 Processing reference: Interface.parent
2024-07-08 08:30:57.407 DEBUG content 185517 _a-0000ebca-74f9-8000-9c06-011c48011c48_2753457 Processing reference: com.appiancorp.suiteapi.content.ContentRoleMap@2200cf33[
  ContentRole[name=readers,inherit=true,allowForAll=false]
  ContentRole[name=authors,inherit=true,allowForAll=false]
  ContentRole[name=administrators,inherit=true,allowForAll=false]
  ContentRole[name=denyReaders,inherit=false,allowForAll=false]
  ContentRole[name=denyAuthors,inherit=false,allowForAll=false]
  ContentRole[name=denyAdministrators,inherit=false,allowForAll=false]
  securityVector=15:SEC_PUBLIC=true,SEC_CREATOR_ADMIN=false,SEC_INH_ADMIN=true,SEC_INH_EDITOR=true,SEC_INH_VIEWER=true,SEC_ALL_ADMIN=false,SEC_ALL_EDITOR=false,SEC_ALL_VIEWER=false
]
2024-07-08 08:30:57.407 DEBUG content 185517 _a-0000ebca-74f9-8000-9c06-011c48011c48_2753457 Processing reference: ContentRole[name=readers,inherit=true,allowForAll=false]
2024-07-08 08:30:57.407 DEBUG content 185517 _a-0000ebca-74f9-8000-9c06-011c48011c48_2753457 Processing reference: ContentRole[name=authors,inherit=true,allowForAll=false]
2024-07-08 08:30:57.407 DEBUG content 185517 _a-0000ebca-74f9-8000-9c06-011c48011c48_2753457 Processing reference: ContentRole[name=administrators,inherit=true,allowForAll=false]
2024-07-08 08:30:57.407 DEBUG content 185517 _a-0000ebca-74f9-8000-9c06-011c48011c48_2753457 Processing reference: ContentRole[name=denyReaders,inherit=false,allowForAll=false]
2024-07-08 08:30:57.407 DEBUG content 185517 _a-0000ebca-74f9-8000-9c06-011c48011c48_2753457 Processing reference: ContentRole[name=denyAuthors,inherit=false,allowForAll=false]
2024-07-08 08:30:57.407 DEBUG content 185517 _a-0000ebca-74f9-8000-9c06-011c48011c48_2753457 Processing reference: ContentRole[name=denyAdministrators,inherit=false,allowForAll=false]
2024-07-08 08:30:57.407 DEBUG content 185517 _a-0000ebca-74f9-8000-9c06-011c48011c48_2753457 Exporting binary resources.
2024-07-08 08:30:57.407 DEBUG content 185517 _a-0000ebca-74f9-8000-9c06-011c48011c48_2753457 Serializing object to XML.
2024-07-08 08:30:57.408 DEBUG content 185517 _a-0000ebca-74f9-8000-9c06-011c48011c48_2753457 Object transported.
